Add Pin To Net: Unknown Pin: Pin D1-S9
Add Pin To Net: Unknown Pin: Pin D1-S10
Add Pin To Net: Unknown Pin: Pin D2-S9
Add Pin To Net: Unknown Pin: Pin D2-S10
Add Pin To Net: Unknown Pin: Pin D3-S9
Add Pin To Net: Unknown Pin: Pin D3-S10
Add Pin To Net: Unknown Pin: Pin D4-S9
Add Pin To Net: Unknown Pin: Pin D4-S10
Add Pin To Net: Unknown Pin: Pin D5-S9
Add Pin To Net: Unknown Pin: Pin D5-S10
Add Pin To Net: Unknown Pin: Pin D6-S9
Add Pin To Net: Unknown Pin: Pin D6-S10
Add Pin To Net: Unknown Pin: Pin J3-A1B12
Add Pin To Net: Unknown Pin: Pin J3-A4B9
Add Pin To Net: Unknown Pin: Pin J3-B1A12
Add Pin To Net: Unknown Pin: Pin J3-B4A9
Add Pin To Net: Unknown Pin: Pin J3-S1
Add Pin To Net: Unknown Pin: Pin J3-S2
Add Pin To Net: Unknown Pin: Pin J3-S3
Add Pin To Net: Unknown Pin: Pin J3-S4
Add Pin To Net: Unknown Pin: Pin J4-A1B12
Add Pin To Net: Unknown Pin: Pin J4-A4B9
Add Pin To Net: Unknown Pin: Pin J4-B1A12
Add Pin To Net: Unknown Pin: Pin J4-B4A9
Add Pin To Net: Unknown Pin: Pin J4-S1
Add Pin To Net: Unknown Pin: Pin J4-S2
Add Pin To Net: Unknown Pin: Pin J4-S3
Add Pin To Net: Unknown Pin: Pin J4-S4
Added Pin To Net: NetName=GND Pin=U2-3
Added Pin To Net: NetName=GND Pin=U2-13
Added Pin To Net: NetName=GND Pin=U2-21
