Added Pin To Net: NetName=GND Pin=D1-1
Added Pin To Net: NetName=+5V_VBUS1 Pin=D1-2
Added Pin To Net: NetName=GND Pin=D2-1
Added Pin To Net: NetName=CON1_USB_N Pin=D2-2
Added Pin To Net: NetName=GND Pin=D3-1
Added Pin To Net: NetName=CON1_USB_P Pin=D3-2
Added Pin To Net: NetName=GND Pin=D4-1
Added Pin To Net: NetName=+5V_VBUS2 Pin=D4-2
Added Pin To Net: NetName=GND Pin=D5-1
Added Pin To Net: NetName=CON2_USB_N Pin=D5-2
Added Pin To Net: NetName=GND Pin=D6-1
Added Pin To Net: NetName=CON2_USB_P Pin=D6-2
Added Pin To Net: NetName=GND Pin=J3-A1B12
Added Pin To Net: NetName=+5V_VBUS1 Pin=J3-A4B9
Added Pin To Net: NetName=GND Pin=J3-B1A12
Added Pin To Net: NetName=+5V_VBUS1 Pin=J3-B4A9
Add Pin To Net: Unknown Pin: Pin J3-S1
Add Pin To Net: Unknown Pin: Pin J3-S2
Add Pin To Net: Unknown Pin: Pin J3-S3
Add Pin To Net: Unknown Pin: Pin J3-S4
Added Pin To Net: NetName=GND Pin=J4-A1B12
Added Pin To Net: NetName=+5V_VBUS2 Pin=J4-A4B9
Added Pin To Net: NetName=GND Pin=J4-B1A12
Added Pin To Net: NetName=+5V_VBUS2 Pin=J4-B4A9
Add Pin To Net: Unknown Pin: Pin J4-S1
Add Pin To Net: Unknown Pin: Pin J4-S2
Add Pin To Net: Unknown Pin: Pin J4-S3
Add Pin To Net: Unknown Pin: Pin J4-S4
